<?xml version="1.0" encoding="UTF-8"?>
<!-- Generated by org.testng.reporters.JUnitReportReporter -->
<testsuite hostname="LAPTOP-M40J3HI4" failures="0" tests="1" name="test.SwagLabLoginTest" time="15.117" errors="0" timestamp="2022-11-05T13:52:38 IST" skipped="0">
  <testcase classname="test.SwagLabLoginTest" name="swagLabLoginTest" time="15.117"/>
  <system-out/>
</testsuite> <!-- test.SwagLabLoginTest -->
